  downLinkHandlerTesting.cpp
downLinkHandlerTesting.obj : error LNK2019: unresolved external symbol _lora_downLink_task referenced in function "private: virtual void __thiscall DownLinkHandlerTesting_DownLinkMessageNotReceived_Test::TestBody(void)" (?TestBody@DownLinkHandlerTesting_DownLinkMessageNotReceived_Test@@EAEXXZ)
D:\SEM4\SEP\SEP4-Project\Embedded Tier\IoT-Testing\Debug\GoogleTesting.exe : fatal error LNK1120: 1 unresolved externals
